Using pre-set license
Built from '2021.1/release' branch; Version is '2021.1.4f1 (4cd64a618c1b) revision 5035594'; Using compiler version '192528614'; Build Type 'Release'
OS: 'Windows 10 Home; OS build 19044.2604; Version 2009; 64bit' Language: 'ko' Physical Memory: 16335 MB
BatchMode: 1, IsHumanControllingUs: 0, StartBugReporterOnCrash: 0, Is64bit: 1, IsPro: 0

 COMMAND LINE ARGUMENTS:
C:\Program Files\2021.1.4f1\Editor\Unity.exe
-adb2
-batchMode
-noUpm
-name
AssetImportWorker0
-projectPath
C:/Users/user/OneDrive/Documents/GitHub/Ball-walkout
-logFile
Logs/AssetImportWorker0.log
-srvPort
53218
Successfully changed project path to: C:/Users/user/OneDrive/Documents/GitHub/Ball-walkout
C:/Users/user/OneDrive/Documents/GitHub/Ball-walkout
Using Asset Import Pipeline V2.
Refreshing native plugins compatible for Editor in 93.51 ms, found 1 plugins.
Preloading 0 native plugins for Editor in 0.00 ms.
Initialize engine version: 2021.1.4f1 (4cd64a618c1b)
[Subsystems] Discovering subsystems at path C:/Program Files/2021.1.4f1/Editor/Data/Resources/UnitySubsystems
[Subsystems] Discovering subsystems at path C:/Users/user/OneDrive/Documents/GitHub/Ball-walkout/Assets
GfxDevice: creating device client; threaded=0; jobified=0
Direct3D:
    Version:  Direct3D 11.0 [level 11.1]
    Renderer: NVIDIA GeForce GTX 1070 (ID=0x1b81)
    Vendor:   NVIDIA
    VRAM:     8088 MB
    Driver:   30.0.15.1123
Initialize mono
Mono path[0] = 'C:/Program Files/2021.1.4f1/Editor/Data/Managed'
Mono path[1] = 'C:/Program Files/2021.1.4f1/Editor/Data/MonoBleedingEdge/lib/mono/unityjit'
Mono config path = 'C:/Program Files/2021.1.4f1/Editor/Data/MonoBleedingEdge/etc'
Using monoOptions --debugger-agent=transport=dt_socket,embedding=1,server=y,suspend=n,address=127.0.0.1:56968
Begin MonoManager ReloadAssembly
Registering precompiled unity dll's ...
Register platform support module: C:/Program Files/2021.1.4f1/Editor/Data/PlaybackEngines/WindowsStandaloneSupport/UnityEditor.WindowsStandalone.Extensions.dll
Registered in 0.006500 seconds.
Native extension for WindowsStandalone target not found
Refreshing native plugins compatible for Editor in 86.77 ms, found 1 plugins.
Preloading 0 native plugins for Editor in 0.00 ms.
Mono: successfully reloaded assembly
- Completed reload, in  1.855 seconds
Platform modules already initialized, skipping
Registering precompiled user dll's ...
Registered in 0.010525 seconds.
Begin MonoManager ReloadAssembly
Native extension for WindowsStandalone target not found
Refreshing native plugins compatible for Editor in 0.49 ms, found 1 plugins.
Preloading 0 native plugins for Editor in 0.00 ms.
Mono: successfully reloaded assembly
- Completed reload, in  1.205 seconds
Platform modules already initialized, skipping
========================================================================
Worker process is ready to serve import requests
Launched and connected shader compiler UnityShaderCompiler.exe after 0.08 seconds
Refreshing native plugins compatible for Editor in 0.47 ms, found 1 plugins.
Preloading 0 native plugins for Editor in 0.00 ms.
Unloading 2665 Unused Serialized files (Serialized files now loaded: 0)
System memory in use before: 102.5 MB.
System memory in use after: 102.6 MB.

Unloading 15 unused Assets to reduce memory usage. Loaded Objects now: 3117.
Total: 3.663200 ms (FindLiveObjects: 0.277800 ms CreateObjectMapping: 0.258000 ms MarkObjects: 3.015900 ms  DeleteObjects: 0.110100 ms)

========================================================================
Received Import Request.
  path: Assets
  artifactKey: Guid(00000000000000001000000000000000) Importer(815301076,1909f56bfc062723c751e8b465ee728b)
Start importing Assets using Guid(00000000000000001000000000000000) Importer(815301076,1909f56bfc062723c751e8b465ee728b)  -> (artifact id: '9222b99937b918022a9cc33b6e833563') in 0.016212 seconds 
========================================================================
Received Import Request.
  Time since last request: 17.710676 seconds.
  path: Assets/asset
  artifactKey: Guid(d6d730747a146944aacecf9f01d3ab80) Importer(815301076,1909f56bfc062723c751e8b465ee728b)
Start importing Assets/asset using Guid(d6d730747a146944aacecf9f01d3ab80) Importer(815301076,1909f56bfc062723c751e8b465ee728b)  -> (artifact id: '21454ac2dbf4f25d4c7980705f456e97') in 0.011005 seconds 
========================================================================
Received Import Request.
  Time since last request: 7.990422 seconds.
  path: Assets/assets
  artifactKey: Guid(d6d730747a146944aacecf9f01d3ab80) Importer(815301076,1909f56bfc062723c751e8b465ee728b)
Start importing Assets/assets using Guid(d6d730747a146944aacecf9f01d3ab80) Importer(815301076,1909f56bfc062723c751e8b465ee728b)  -> (artifact id: '95ccfd08e7e15133a0fba1f4882783c6') in 0.047295 seconds 
========================================================================
Received Import Request.
  Time since last request: 45.598231 seconds.
  path: Assets/assets/soccer_ball.fbx
  artifactKey: Guid(39052eee08729ce419ebbe951a4ce714) Importer(815301076,1909f56bfc062723c751e8b465ee728b)
Start importing Assets/assets/soccer_ball.fbx using Guid(39052eee08729ce419ebbe951a4ce714) Importer(815301076,1909f56bfc062723c751e8b465ee728b)  -> (artifact id: '8829d45e0ff1ef39effd347e00379f02') in 0.288425 seconds 
========================================================================
Received Import Request.
  Time since last request: 2.581644 seconds.
  path: Assets/Scenes/SampleScene.unity
  artifactKey: Guid(9fc0d4010bbf28b4594072e72b8655ab) Importer(815301076,1909f56bfc062723c751e8b465ee728b)
Start importing Assets/Scenes/SampleScene.unity using Guid(9fc0d4010bbf28b4594072e72b8655ab) Importer(815301076,1909f56bfc062723c751e8b465ee728b)  -> (artifact id: 'eb69cbbf93a8cfae3b2202291aac5e78') in 0.010425 seconds 
========================================================================
Received Import Request.
  Time since last request: 318.735989 seconds.
  path: Assets/Scenes
  artifactKey: Guid(f14146df5c66dbf4c847c29df1b7458e) Importer(815301076,1909f56bfc062723c751e8b465ee728b)
Start importing Assets/Scenes using Guid(f14146df5c66dbf4c847c29df1b7458e) Importer(815301076,1909f56bfc062723c751e8b465ee728b)  -> (artifact id: '472a073dab78ed51998271f12e06b554') in 0.011540 seconds 
========================================================================
Received Import Request.
  Time since last request: 13.515060 seconds.
  path: Assets/Scenes/Rail.unity
  artifactKey: Guid(19c6788309ee0e642a195b8bbc320d58) Importer(815301076,1909f56bfc062723c751e8b465ee728b)
Start importing Assets/Scenes/Rail.unity using Guid(19c6788309ee0e642a195b8bbc320d58) Importer(815301076,1909f56bfc062723c751e8b465ee728b)  -> (artifact id: 'f9e5158a01740c4f67c45c36754f5d7b') in 0.012510 seconds 
========================================================================
Received Import Request.
  Time since last request: 233.274695 seconds.
  path: Assets/Scriptss
  artifactKey: Guid(e03914858bb44204a839ffc89128eb67) Importer(815301076,1909f56bfc062723c751e8b465ee728b)
Start importing Assets/Scriptss using Guid(e03914858bb44204a839ffc89128eb67) Importer(815301076,1909f56bfc062723c751e8b465ee728b)  -> (artifact id: '5b050d4c7c2f9e6ead1cd93f112f42c2') in 0.012652 seconds 
========================================================================
Received Import Request.
  Time since last request: 24.279519 seconds.
  path: Assets/Scriptss/BallMove.cs
  artifactKey: Guid(97703f1988974304e87660c961811439) Importer(815301076,1909f56bfc062723c751e8b465ee728b)
Start importing Assets/Scriptss/BallMove.cs using Guid(97703f1988974304e87660c961811439) Importer(815301076,1909f56bfc062723c751e8b465ee728b)  -> (artifact id: '2970fdfd456576611d70f5dd8e80be05') in 0.037762 seconds 
========================================================================
Received Prepare
Registering precompiled user dll's ...
Registered in 0.011159 seconds.
Begin MonoManager ReloadAssembly
Native extension for WindowsStandalone target not found
Refreshing native plugins compatible for Editor in 0.59 ms, found 1 plugins.
Preloading 0 native plugins for Editor in 0.00 ms.
Mono: successfully reloaded assembly
- Completed reload, in  1.032 seconds
Platform modules already initialized, skipping
Refreshing native plugins compatible for Editor in 0.51 ms, found 1 plugins.
Preloading 0 native plugins for Editor in 0.00 ms.
Unloading 2661 Unused Serialized files (Serialized files now loaded: 0)
System memory in use before: 106.4 MB.
System memory in use after: 106.6 MB.

Unloading 10 unused Assets to reduce memory usage. Loaded Objects now: 3164.
Total: 2.279800 ms (FindLiveObjects: 0.208000 ms CreateObjectMapping: 0.097300 ms MarkObjects: 1.892500 ms  DeleteObjects: 0.081300 ms)

========================================================================
Received Prepare
Registering precompiled user dll's ...
Registered in 0.047052 seconds.
Begin MonoManager ReloadAssembly
Native extension for WindowsStandalone target not found
Refreshing native plugins compatible for Editor in 0.52 ms, found 1 plugins.
Preloading 0 native plugins for Editor in 0.00 ms.
Mono: successfully reloaded assembly
- Completed reload, in  1.294 seconds
Platform modules already initialized, skipping
Refreshing native plugins compatible for Editor in 0.51 ms, found 1 plugins.
Preloading 0 native plugins for Editor in 0.00 ms.
Unloading 2660 Unused Serialized files (Serialized files now loaded: 0)
System memory in use before: 106.4 MB.
System memory in use after: 106.6 MB.

Unloading 11 unused Assets to reduce memory usage. Loaded Objects now: 3166.
Total: 2.157400 ms (FindLiveObjects: 0.211400 ms CreateObjectMapping: 0.169600 ms MarkObjects: 1.699600 ms  DeleteObjects: 0.076100 ms)

AssetImportWorkerClient::OnTransportError - code=2 error=End of file
